<?xml version="1.0" encoding="UTF-8"?>
<testsuite xmlns:xsi="http://www.w3.org/2001/XMLSchema-instance" xsi:noNamespaceSchemaLocation="https://maven.apache.org/surefire/maven-surefire-plugin/xsd/surefire-test-report.xsd" version="3.0.2" name="com.harika.portfolio.PortfolioApplicationTests" time="2.229" tests="1" errors="0" skipped="0" failures="0">
  <properties>
[...]
</properties>
  <testcase name="contextLoads" classname="com.harika.portfolio.PortfolioApplicationTests" time="0.327">
    <system-out><![CDATA[12:50:30.163 [main] INFO org.springframework.test.context.support.AnnotationConfigContextLoaderUtils -- Could not detect default configuration classes for test class [com.harika.portfolio.PortfolioApplicationTests]: PortfolioApplicationTests does not declare any static, non-private, non-final, nested classes annotated with @Configuration.
12:50:30.215 [main] INFO org.springframework.boot.test.context.SpringBootTestContextBootstrapper -- Found @SpringBootConfiguration com.harika.portfolio.PortfolioApplication for test class com.harika.portfolio.PortfolioApplicationTests
12:50:30.290 [main] INFO org.springframework.boot.devtools.restart.RestartApplicationListener -- Restart disabled due to context in which it is running

  .   ____          _            __ _ _
 /\\ / ___'_ __ _ _(_)_ __  __ _ \ \ \ \
( ( )\___ | '_ | '_| | '_ \/ _` | \ \ \ \
 \\/  ___)| |_)| | | | | || (_| |  ) ) ) )
  '  |____| .__|_| |_|_| |_\__, | / / / /
 =========|_|==============|___/=/_/_/_/

 :: Spring Boot ::                (v3.5.3)

2025-07-25T12:50:30.395+05:30  INFO 28544 --- [portfolio] [           main] c.h.portfolio.PortfolioApplicationTests  : Starting PortfolioApplicationTests using Java 24.0.1 with PID 28544 (started by harikasunkara in /Users/harikasunkara/Downloads/portfolio)
2025-07-25T12:50:30.396+05:30  INFO 28544 --- [portfolio] [           main] c.h.portfolio.PortfolioApplicationTests  : No active profile set, falling back to 1 default profile: "default"
2025-07-25T12:50:30.736+05:30  INFO 28544 --- [portfolio] [           main] .s.d.r.c.RepositoryConfigurationDelegate : Bootstrapping Spring Data JPA repositories in DEFAULT mode.
2025-07-25T12:50:30.755+05:30  INFO 28544 --- [portfolio] [           main] .s.d.r.c.RepositoryConfigurationDelegate : Finished Spring Data repository scanning in 15 ms. Found 1 JPA repository interface.
2025-07-25T12:50:30.927+05:30  INFO 28544 --- [portfolio] [           main] o.hibernate.jpa.internal.util.LogHelper  : HHH000204: Processing PersistenceUnitInfo [name: default]
2025-07-25T12:50:30.950+05:30  INFO 28544 --- [portfolio] [           main] org.hibernate.Version                    : HHH000412: Hibernate ORM core version 6.6.18.Final
2025-07-25T12:50:30.971+05:30  INFO 28544 --- [portfolio] [           main] o.h.c.internal.RegionFactoryInitiator    : HHH000026: Second-level cache disabled
2025-07-25T12:50:31.092+05:30  INFO 28544 --- [portfolio] [           main] o.s.o.j.p.SpringPersistenceUnitInfo      : No LoadTimeWeaver setup: ignoring JPA class transformer
2025-07-25T12:50:31.104+05:30  INFO 28544 --- [portfolio] [           main] com.zaxxer.hikari.HikariDataSource       : HikariPool-1 - Starting...
2025-07-25T12:50:31.186+05:30  INFO 28544 --- [portfolio] [           main] com.zaxxer.hikari.pool.HikariPool        : HikariPool-1 - Added connection conn0: url=jdbc:h2:mem:portfoliodb user=SA
2025-07-25T12:50:31.187+05:30  INFO 28544 --- [portfolio] [           main] com.zaxxer.hikari.HikariDataSource       : HikariPool-1 - Start completed.
2025-07-25T12:50:31.199+05:30  WARN 28544 --- [portfolio] [           main] org.hibernate.orm.deprecation            : HHH90000025: H2Dialect does not need to be specified explicitly using 'hibernate.dialect' (remove the property setting and it will be selected by default)
2025-07-25T12:50:31.207+05:30  INFO 28544 --- [portfolio] [           main] org.hibernate.orm.connections.pooling    : HHH10001005: Database info:
	Database JDBC URL [Connecting through datasource 'HikariDataSource (HikariPool-1)']
	Database driver: undefined/unknown
	Database version: 2.3.232
	Autocommit mode: undefined/unknown
	Isolation level: undefined/unknown
	Minimum pool size: undefined/unknown
	Maximum pool size: undefined/unknown
2025-07-25T12:50:31.531+05:30  INFO 28544 --- [portfolio] [           main] o.h.e.t.j.p.i.JtaPlatformInitiator       : HHH000489: No JTA platform available (set 'hibernate.transaction.jta.platform' to enable JTA platform integration)
Hibernate: 
    drop table if exists contacts cascade 
Hibernate: 
    create table contacts (
        created_at timestamp(6),
        id bigint generated by default as identity,
        name varchar(100) not null,
        email varchar(150) not null,
        subject varchar(200) not null,
        message varchar(1000) not null,
        primary key (id)
    )
2025-07-25T12:50:31.544+05:30  INFO 28544 --- [portfolio] [           main] j.LocalContainerEntityManagerFactoryBean : Initialized JPA EntityManagerFactory for persistence unit 'default'
2025-07-25T12:50:31.680+05:30  WARN 28544 --- [portfolio] [           main] JpaBaseConfiguration$JpaWebConfiguration : spring.jpa.open-in-view is enabled by default. Therefore, database queries may be performed during view rendering. Explicitly configure spring.jpa.open-in-view to disable this warning
2025-07-25T12:50:31.692+05:30  INFO 28544 --- [portfolio] [           main] o.s.b.a.w.s.WelcomePageHandlerMapping    : Adding welcome page template: index
2025-07-25T12:50:31.886+05:30  INFO 28544 --- [portfolio] [           main] o.s.b.a.h2.H2ConsoleAutoConfiguration    : H2 console available at '/h2-console'. Database available at 'jdbc:h2:mem:portfoliodb'
2025-07-25T12:50:31.900+05:30  INFO 28544 --- [portfolio] [           main] o.s.b.a.e.web.EndpointLinksResolver      : Exposing 1 endpoint beneath base path '/actuator'
2025-07-25T12:50:31.943+05:30  INFO 28544 --- [portfolio] [           main] c.h.portfolio.PortfolioApplicationTests  : Started PortfolioApplicationTests in 1.658 seconds (process running for 2.112)
]]></system-out>
    <system-err><![CDATA[Mockito is currently self-attaching to enable the inline-mock-maker. This will no longer work in future releases of the JDK. Please add Mockito as an agent to your build as described in Mockito's documentation: https://javadoc.io/doc/org.mockito/mockito-core/latest/org.mockito/org/mockito/Mockito.html#0.3
WARNING: A Java agent has been loaded dynamically (/Users/harikasunkara/.m2/repository/net/bytebuddy/byte-buddy-agent/1.17.6/byte-buddy-agent-1.17.6.jar)
WARNING: If a serviceability tool is in use, please run with -XX:+EnableDynamicAgentLoading to hide this warning
WARNING: If a serviceability tool is not in use, please run with -Djdk.instrument.traceUsage for more information
WARNING: Dynamic loading of agents will be disallowed by default in a future release
]]></system-err>
  </testcase>
</testsuite>